<?xml version="1.0" encoding="UTF-8"?>
<!-- Generated by org.testng.reporters.JUnitXMLReporter -->
<testsuite ignored="0" hostname="DESKTOP-DLI52N7" failures="0" tests="3" name="Test" time="81.182" errors="0" timestamp="2023-02-04T13:16:38 IST">
  <testcase classname="testPackage.ActiTimeTestValidLogin" name="validTest" time="4.432"/>
  <testcase classname="testPackage.TestActiTimeLogout" name="logout" time="6.079"/>
  <testcase classname="testPackage.ActiTimeInvalidLogin" name="invalidLoginToActiTime" time="60.031"/>
</testsuite> <!-- Test -->
