<?xml version="1.0" encoding="UTF-8"?>
<testng-results ignored="0" total="3" passed="3" failed="0" skipped="0">
  <reporter-output>
  </reporter-output>
  <suite started-at="2023-02-04T13:15:17 IST" name="Suite" finished-at="2023-02-04T13:16:38 IST" duration-ms="81182">
    <groups>
    </groups>
    <test started-at="2023-02-04T13:15:17 IST" name="Test" finished-at="2023-02-04T13:16:38 IST" duration-ms="81182">
      <class name="testPackage.TestActiTimeLogout">
        <test-method is-config="true" signature="setUp()[pri:0, instance:testPackage.TestActiTimeLogout@fba92d3]" started-at="2023-02-04T13:15:26 IST" name="setUp" finished-at="2023-02-04T13:15:28 IST" duration-ms="2529" status="PASS">
          <reporter-output>
          </reporter-output>
        </test-method> <!-- setUp -->
        <test-method signature="logout()[pri:0, instance:testPackage.TestActiTimeLogout@fba92d3]" started-at="2023-02-04T13:15:28 IST" name="logout" finished-at="2023-02-04T13:15:34 IST" duration-ms="6079" status="PASS">
          <reporter-output>
          </reporter-output>
        </test-method> <!-- logout -->
        <test-method is-config="true" signature="tearDown()[pri:0, instance:testPackage.TestActiTimeLogout@fba92d3]" started-at="2023-02-04T13:15:34 IST" name="tearDown" finished-at="2023-02-04T13:15:35 IST" duration-ms="308" status="PASS">
          <reporter-output>
          </reporter-output>
        </test-method> <!-- tearDown -->
      </class> <!-- testPackage.TestActiTimeLogout -->
      <class name="testPackage.ActiTimeTestValidLogin">
        <test-method is-config="true" signature="setUp()[pri:0, instance:testPackage.ActiTimeTestValidLogin@649bec2e]" started-at="2023-02-04T13:15:17 IST" name="setUp" finished-at="2023-02-04T13:15:21 IST" duration-ms="3992" status="PASS">
          <reporter-output>
          </reporter-output>
        </test-method> <!-- setUp -->
        <test-method signature="validTest()[pri:0, instance:testPackage.ActiTimeTestValidLogin@649bec2e]" started-at="2023-02-04T13:15:21 IST" name="validTest" finished-at="2023-02-04T13:15:26 IST" duration-ms="4432" status="PASS">
          <reporter-output>
          </reporter-output>
        </test-method> <!-- validTest -->
        <test-method is-config="true" signature="tearDown()[pri:0, instance:testPackage.ActiTimeTestValidLogin@649bec2e]" started-at="2023-02-04T13:15:26 IST" name="tearDown" finished-at="2023-02-04T13:15:26 IST" duration-ms="271" status="PASS">
          <reporter-output>
          </reporter-output>
        </test-method> <!-- tearDown -->
      </class> <!-- testPackage.ActiTimeTestValidLogin -->
      <class name="testPackage.ActiTimeInvalidLogin">
        <test-method is-config="true" signature="setUp()[pri:0, instance:testPackage.ActiTimeInvalidLogin@662b4c69]" started-at="2023-02-04T13:15:35 IST" name="setUp" finished-at="2023-02-04T13:15:38 IST" duration-ms="3284" status="PASS">
          <reporter-output>
          </reporter-output>
        </test-method> <!-- setUp -->
        <test-method signature="invalidLoginToActiTime()[pri:0, instance:testPackage.ActiTimeInvalidLogin@662b4c69]" started-at="2023-02-04T13:15:38 IST" name="invalidLoginToActiTime" finished-at="2023-02-04T13:16:38 IST" duration-ms="60031" status="PASS">
          <reporter-output>
          </reporter-output>
        </test-method> <!-- invalidLoginToActiTime -->
        <test-method is-config="true" signature="tearDown()[pri:0, instance:testPackage.ActiTimeInvalidLogin@662b4c69]" started-at="2023-02-04T13:16:38 IST" name="tearDown" finished-at="2023-02-04T13:16:38 IST" duration-ms="186" status="PASS">
          <reporter-output>
          </reporter-output>
        </test-method> <!-- tearDown -->
      </class> <!-- testPackage.ActiTimeInvalidLogin -->
    </test> <!-- Test -->
  </suite> <!-- Suite -->
</testng-results>
